\BOOKMARK [0][-]{chapter*.2}{\376\377\000I\000n\000t\000r\000o\000d\000u\000c\000t\000i\000o\000n}{}% 1
\BOOKMARK [-1][-]{part.1}{\376\377\000I\000\040\000C\000o\000u\000r\000s\000e\000\040\000N\000o\000t\000e\000s}{}% 2
\BOOKMARK [0][-]{chapter.1}{\376\377\0001\000\040\000N\000e\000u\000r\000a\000l\000\040\000N\000e\000t\000w\000o\000r\000k\000s\000\040\000a\000n\000d\000\040\000D\000e\000e\000p\000\040\000L\000e\000a\000r\000n\000i\000n\000g}{part.1}% 3
\BOOKMARK [1][-]{section.1.1}{\376\377\0001\000.\0001\000\040\000I\000n\000t\000r\000o\000d\000u\000c\000t\000i\000o\000n\000\040\000t\000o\000\040\000D\000e\000e\000p\000\040\000L\000e\000a\000r\000n\000i\000n\000g}{chapter.1}% 4
\BOOKMARK [1][-]{section.1.2}{\376\377\0001\000.\0002\000\040\000N\000e\000u\000r\000a\000l\000\040\000N\000e\000t\000w\000o\000r\000k\000s\000\040\000B\000a\000s\000i\000c\000s}{chapter.1}% 5
\BOOKMARK [2][-]{subsection.1.2.1}{\376\377\0001\000.\0002\000.\0001\000\040\000B\000i\000n\000a\000r\000y\000\040\000C\000l\000a\000s\000s\000i\000f\000i\000c\000a\000t\000i\000o\000n}{section.1.2}% 6
\BOOKMARK [2][-]{subsection.1.2.2}{\376\377\0001\000.\0002\000.\0002\000\040\000L\000o\000g\000i\000s\000t\000i\000c\000\040\000R\000e\000g\000r\000e\000s\000s\000i\000o\000n}{section.1.2}% 7
\BOOKMARK [2][-]{subsection.1.2.3}{\376\377\0001\000.\0002\000.\0003\000\040\000G\000r\000a\000d\000i\000e\000n\000t\000\040\000D\000e\000s\000c\000e\000n\000t}{section.1.2}% 8
\BOOKMARK [1][-]{section.1.3}{\376\377\0001\000.\0003\000\040\145\207\133\127\155\113\213\325}{chapter.1}% 9
\BOOKMARK [2][-]{subsection.1.3.1}{\376\377\0001\000.\0003\000.\0001\000\040\133\120\202\202\000\040\000\050\000s\000u\000b\000s\000e\000c\000t\000i\000o\000n\000\051}{section.1.3}% 10
\BOOKMARK [1][-]{section.1.4}{\376\377\0001\000.\0004\000\040\133\127\117\123\124\214\131\047\134\017}{chapter.1}% 11
\BOOKMARK [1][-]{section.1.5}{\376\377\0001\000.\0005\000\040\126\376\162\107}{chapter.1}% 12
\BOOKMARK [1][-]{section.1.6}{\376\377\0001\000.\0006\000\040\155\367\143\222\121\154\137\017\000\040\000e\000x\000p\000\040\000i\000t\000h\000e\000t\000a\000\040\000=\000\040\000c\000o\000s\000\040\000t\000h\000e\000t\000a\000\040\000+\000\040\000i\000s\000i\000n\000\040\000t\000h\000e\000t\000a}{chapter.1}% 13
\BOOKMARK [1][-]{section.1.6}{\376\377\116\140\230\230}{chapter.1}% 14
\BOOKMARK [-1][-]{part.2}{\376\377\000I\000I\000\040\000P\000r\000o\000j\000e\000c\000t\000s}{}% 15
\BOOKMARK [0][-]{chapter.2}{\376\377\0002\000\040\167\355\172\340\124\015}{part.2}% 16
\BOOKMARK [1][-]{section.2.1}{\376\377\0002\000.\0001\000\040\225\177\136\246\153\143\136\070\166\204\202\202\124\015}{chapter.2}% 17
\BOOKMARK [1][-]{section.2.2}{\376\377\0002\000.\0002\000\040\167\355\202\202\124\015}{chapter.2}% 18
\BOOKMARK [1][-]{figure.2.1}{\376\377\116\140\230\230}{chapter.2}% 19
\BOOKMARK [0][-]{appendix.A}{\376\377\000A\000\040\147\102\230\171\000\040\000a\000+\000b}{part.2}% 20
\BOOKMARK [1][-]{section.A.1}{\376\377\000A\000.\0001\000\040\145\207\133\127\155\113\213\325}{appendix.A}% 21
\BOOKMARK [1][-]{section.A.2}{\376\377\000A\000.\0002\000\040\155\113\213\325\000:\000\040\000B\000n\000X}{appendix.A}% 22
\BOOKMARK [2][-]{subsection.A.2.1}{\376\377\000A\000.\0002\000.\0001\000\040\116\000\137\040\210\150\150\074}{section.A.2}% 23
\BOOKMARK [0][-]{appendix*.5}{\376\377\000B\000i\000b\000l\000i\000o\000g\000r\000a\000p\000h\000y}{part.2}% 24
\BOOKMARK [0][-]{section*.6}{\376\377\000L\000i\000s\000t\000\040\000o\000f\000\040\000F\000i\000g\000u\000r\000e\000s}{part.2}% 25
\BOOKMARK [0][-]{section*.8}{\376\377\000L\000i\000s\000t\000\040\000o\000f\000\040\000T\000a\000b\000l\000e\000s}{part.2}% 26
